0 verbose cli [ '/usr/local/bin/node', '/usr/local/bin/npm', 'run', 'start' ]
1 info using npm@7.5.3
2 info using node@v15.9.0
3 timing config:load:defaults Completed in 1ms
4 timing config:load:file:/usr/local/lib/node_modules/npm/npmrc Completed in 0ms
5 timing config:load:builtin Completed in 0ms
6 timing config:load:cli Completed in 1ms
7 timing config:load:env Completed in 0ms
8 timing config:load:project Completed in 1ms
9 timing config:load:file:/home/node/.npmrc Completed in 0ms
10 timing config:load:user Completed in 0ms
11 timing config:load:file:/home/node/.npm-global/etc/npmrc Completed in 0ms
12 timing config:load:global Completed in 0ms
13 timing config:load:cafile Completed in 0ms
14 timing config:load:validate Completed in 0ms
15 timing config:load:setUserAgent Completed in 1ms
16 timing config:load:setEnvs Completed in 0ms
17 timing config:load Completed in 4ms
18 verbose npm-session da0c1d5bed40c838
19 timing npm:load Completed in 9ms
20 http fetch GET 200 https://registry.npmjs.org/npm 477ms
21 timing command:run-script Completed in 589363ms
22 notice [40m[37m[39m[49m
22 notice [40m[37mNew [32mpatch[39m[37m version of npm available! [31m7.5.3[39m[37m -> [32m7.5.4[39m[37m[39m[49m
22 notice [40m[37mChangelog: [36mhttps://github.com/npm/cli/releases/tag/v7.5.4[39m[37m[39m[49m
22 notice [40m[37mRun [32mnpm install -g npm@7.5.4[39m[37m to update![39m[49m
22 notice [40m[37m[39m[49m
23 verbose stack Error: command failed
23 verbose stack     at ChildProcess.<anonymous> (/usr/local/lib/node_modules/npm/node_modules/@npmcli/promise-spawn/index.js:64:27)
23 verbose stack     at ChildProcess.emit (node:events:378:20)
23 verbose stack     at maybeClose (node:internal/child_process:1067:16)
23 verbose stack     at Process.ChildProcess._handle.onexit (node:internal/child_process:301:5)
24 verbose pkgid frontend@0.1.0
25 verbose cwd /home/node
26 verbose Linux 5.4.0-65-generic
27 verbose argv "/usr/local/bin/node" "/usr/local/bin/npm" "run" "start"
28 verbose node v15.9.0
29 verbose npm  v7.5.3
30 error path /home/node
31 error command failed
32 error signal SIGTERM
33 error command sh -c react-scripts start
34 verbose exit 1
