0 verbose cli [ '/usr/local/bin/node', '/usr/local/bin/npm', 'run', 'start' ]
1 info using npm@7.5.3
2 info using node@v15.9.0
3 timing config:load:defaults Completed in 0ms
4 timing config:load:file:/usr/local/lib/node_modules/npm/npmrc Completed in 1ms
5 timing config:load:builtin Completed in 1ms
6 timing config:load:cli Completed in 1ms
7 timing config:load:env Completed in 0ms
8 timing config:load:project Completed in 0ms
9 timing config:load:file:/home/node/.npmrc Completed in 0ms
10 timing config:load:user Completed in 0ms
11 timing config:load:file:/home/node/.npm-global/etc/npmrc Completed in 0ms
12 timing config:load:global Completed in 1ms
13 timing config:load:cafile Completed in 0ms
14 timing config:load:validate Completed in 0ms
15 timing config:load:setUserAgent Completed in 0ms
16 timing config:load:setEnvs Completed in 1ms
17 timing config:load Completed in 4ms
18 verbose npm-session d2f7ba6119d400f6
19 timing npm:load Completed in 9ms
20 http fetch GET 304 https://registry.npmjs.org/npm 350ms (from cache)
21 timing command:run-script Completed in 2047745ms
22 notice New patch version of npm available! 7.5.3 -> 7.5.4
22 notice Changelog: <https://github.com/npm/cli/releases/tag/v7.5.4>
22 notice Run `npm install -g npm@7.5.4` to update!
23 verbose stack Error: command failed
23 verbose stack     at ChildProcess.<anonymous> (/usr/local/lib/node_modules/npm/node_modules/@npmcli/promise-spawn/index.js:64:27)
23 verbose stack     at ChildProcess.emit (node:events:378:20)
23 verbose stack     at maybeClose (node:internal/child_process:1067:16)
23 verbose stack     at Process.ChildProcess._handle.onexit (node:internal/child_process:301:5)
24 verbose pkgid frontend@0.1.0
25 verbose cwd /home/node
26 verbose Linux 5.4.0-65-generic
27 verbose argv "/usr/local/bin/node" "/usr/local/bin/npm" "run" "start"
28 verbose node v15.9.0
29 verbose npm  v7.5.3
30 error path /home/node
31 error command failed
32 error signal SIGTERM
33 error command sh -c react-scripts start
34 verbose exit 1
